c:\users\admin\desktop\samp_sdk-master\samp_api_remastered\release\commandparserinterface.obj
c:\users\admin\desktop\samp_sdk-master\samp_api_remastered\release\linuxstrings.obj
c:\users\admin\desktop\samp_sdk-master\samp_api_remastered\release\plugininterface.obj
c:\users\admin\desktop\samp_sdk-master\samp_api_remastered\release\raknetcommandparser.obj
c:\users\admin\desktop\samp_sdk-master\samp_api_remastered\release\sha1.obj
c:\users\admin\desktop\samp_sdk-master\samp_api_remastered\release\_findfirst.obj
c:\users\admin\desktop\samp_sdk-master\samp_api_remastered\release\imgui_tables.obj
c:\users\admin\desktop\samp_sdk-master\samp_api_remastered\release\networktypes.obj
c:\users\admin\desktop\samp_sdk-master\samp_api_remastered\release\rpcmap.obj
c:\users\admin\desktop\samp_sdk-master\samp_api_remastered\release\stringcompressor.obj
c:\users\admin\desktop\samp_sdk-master\samp_api_remastered\release\systemdatabaseclient.obj
c:\users\admin\desktop\samp_sdk-master\samp_api_remastered\release\systemdatabaseserver.obj
c:\users\admin\desktop\samp_sdk-master\samp_api_remastered\release\tableserializer.obj
c:\users\admin\desktop\samp_sdk-master\samp_api_remastered\release\imgui_impl_dx9.obj
c:\users\admin\desktop\samp_sdk-master\samp_api_remastered\release\rakclient.obj
c:\users\admin\desktop\samp_sdk-master\samp_api_remastered\release\simplemutex.obj
c:\users\admin\desktop\samp_sdk-master\samp_api_remastered\release\imgui.obj
c:\users\admin\desktop\samp_sdk-master\samp_api_remastered\release\imgui_widgets.obj
c:\users\admin\desktop\samp_sdk-master\samp_api_remastered\release\bitstream.obj
c:\users\admin\desktop\samp_sdk-master\samp_api_remastered\release\internalpacketpool.obj
c:\users\admin\desktop\samp_sdk-master\samp_api_remastered\release\networkidgenerator.obj
c:\users\admin\desktop\samp_sdk-master\samp_api_remastered\release\raknetworkfactory.obj
c:\users\admin\desktop\samp_sdk-master\samp_api_remastered\release\systemaddresslist.obj
c:\users\admin\desktop\samp_sdk-master\samp_api_remastered\release\samp_netencr.obj
c:\users\admin\desktop\samp_sdk-master\samp_api_remastered\release\imgui_demo.obj
c:\users\admin\desktop\samp_sdk-master\samp_api_remastered\release\imgui_draw.obj
c:\users\admin\desktop\samp_sdk-master\samp_api_remastered\release\rijndael.obj
c:\users\admin\desktop\samp_sdk-master\samp_api_remastered\release\stringtable.obj
c:\users\admin\desktop\samp_sdk-master\samp_api_remastered\release\main.obj
c:\users\admin\desktop\samp_sdk-master\samp_api_remastered\release\hde32.obj
c:\users\admin\desktop\samp_sdk-master\samp_api_remastered\release\datablockencryptor.obj
c:\users\admin\desktop\samp_sdk-master\samp_api_remastered\release\ds_bytequeue.obj
c:\users\admin\desktop\samp_sdk-master\samp_api_remastered\release\ds_table.obj
c:\users\admin\desktop\samp_sdk-master\samp_api_remastered\release\raknetstatistics.obj
c:\users\admin\desktop\samp_sdk-master\samp_api_remastered\release\raksleep.obj
c:\users\admin\desktop\samp_sdk-master\samp_api_remastered\release\socketlayer.obj
c:\users\admin\desktop\samp_sdk-master\samp_api_remastered\release\imgui_impl_win32.obj
c:\users\admin\desktop\samp_sdk-master\samp_api_remastered\release\logcommandparser.obj
c:\users\admin\desktop\samp_sdk-master\samp_api_remastered\release\rand.obj
c:\users\admin\desktop\samp_sdk-master\samp_api_remastered\release\reliabilitylayer.obj
c:\users\admin\desktop\samp_sdk-master\samp_api_remastered\release\checksum.obj
c:\users\admin\desktop\samp_sdk-master\samp_api_remastered\release\consoleserver.obj
c:\users\admin\desktop\samp_sdk-master\samp_api_remastered\release\datacompressor.obj
c:\users\admin\desktop\samp_sdk-master\samp_api_remastered\release\ds_huffmanencodingtree.obj
c:\users\admin\desktop\samp_sdk-master\samp_api_remastered\release\gettime.obj
c:\users\admin\desktop\samp_sdk-master\samp_api_remastered\release\rakpeer.obj
c:\users\admin\desktop\samp_sdk-master\samp_api_remastered\release\vc142.pdb
c:\users\admin\desktop\samp_sdk-master\bin\plugin.asi
c:\users\admin\desktop\samp_sdk-master\bin\plugin.pdb
c:\users\admin\desktop\samp_sdk-master\samp_api_remastered\release\samp_api.edf3a989.tlog\cl.10040.write.1.tlog
c:\users\admin\desktop\samp_sdk-master\samp_api_remastered\release\samp_api.edf3a989.tlog\cl.command.1.tlog
c:\users\admin\desktop\samp_sdk-master\samp_api_remastered\release\samp_api.edf3a989.tlog\cl.read.1.tlog
c:\users\admin\desktop\samp_sdk-master\samp_api_remastered\release\samp_api.edf3a989.tlog\link.command.1.tlog
c:\users\admin\desktop\samp_sdk-master\samp_api_remastered\release\samp_api.edf3a989.tlog\link.read.1.tlog
c:\users\admin\desktop\samp_sdk-master\samp_api_remastered\release\samp_api.edf3a989.tlog\link.write.1.tlog
