  imgui.cpp
  imgui_demo.cpp
  imgui_draw.cpp
  imgui_impl_dx9.cpp
  imgui_impl_win32.cpp
  imgui_tables.cpp
  imgui_widgets.cpp
  main.cpp
  hde32.cpp
  BitStream.cpp
  CheckSum.cpp
  CommandParserInterface.cpp
  ConsoleServer.cpp
  DataBlockEncryptor.cpp
  DataCompressor.cpp
  DS_ByteQueue.cpp
  DS_HuffmanEncodingTree.cpp
  DS_Table.cpp
  GetTime.cpp
  InternalPacketPool.cpp
  LinuxStrings.cpp
  LogCommandParser.cpp
  NetworkIDGenerator.cpp
  NetworkTypes.cpp
  PluginInterface.cpp
  RakClient.cpp
  RakNetCommandParser.cpp
  RakNetStatistics.cpp
  RakNetworkFactory.cpp
  RakPeer.cpp
  RakSleep.cpp
  Rand.cpp
  ReliabilityLayer.cpp
  rijndael.cpp
  RPCMap.cpp
  SHA1.cpp
  SimpleMutex.cpp
  SocketLayer.cpp
  StringCompressor.cpp
  StringTable.cpp
  SystemAddressList.cpp
  -- RakNet: _RAKNET_THREADSAFE not defined.  Do NOT use multiple threads on the same instance of RakPeer (Fast!). --
  SystemDatabaseClient.cpp
  SystemDatabaseServer.cpp
  TableSerializer.cpp
  _findfirst.cpp
  samp_netencr.cpp
  SAMP_API_REMASTERED.vcxproj -> C:\Users\admin\Desktop\SAMP_SDK-master\bin\plugin.asi
